2025-05-14 00:17:41,570 - INFO - Connecting to NFC reader...
2025-05-14 00:17:41,571 - INFO - searching for reader on path usb
2025-05-14 00:17:41,718 - ERROR - no reader available on path usb
2025-05-14 00:17:41,719 - ERROR - Failed to connect to NFC reader: [Errno 19] No such device
2025-05-14 00:32:40,627 - INFO - Running in simulation mode - using simulated NFC reader
2025-05-14 00:32:40,628 - INFO - Connected to Simulated NFC Reader
2025-05-14 00:32:40,629 - INFO - Scanning for NFC targets...
2025-05-14 00:32:41,630 - INFO - Found simulated target
2025-05-14 01:30:01,432 - INFO - Running in simulation mode - using simulated NFC reader
2025-05-14 01:30:01,433 - INFO - Connected to Simulated NFC Reader
2025-05-14 01:30:01,434 - INFO - Scanning for NFC targets...
2025-05-14 01:30:02,434 - INFO - Found simulated target
2025-05-14 11:42:07,583 - INFO - Running in simulation mode - using simulated NFC reader
2025-05-14 11:42:07,585 - INFO - Connected to Simulated NFC Reader
2025-05-14 11:42:07,587 - INFO - Scanning for NFC targets...
2025-05-14 11:42:08,588 - INFO - Found simulated target
2025-05-15 09:48:17,981 - INFO - Running in simulation mode - using simulated NFC reader
2025-05-15 09:48:17,982 - INFO - Connected to Simulated NFC Reader
2025-05-15 09:48:17,983 - INFO - Scanning for NFC targets...
2025-05-15 09:48:18,984 - INFO - Found simulated target
2025-05-15 11:22:51,618 - INFO - Running in simulation mode - using simulated NFC reader
2025-05-15 11:22:51,619 - INFO - Connected to Simulated NFC Reader
2025-05-15 11:22:51,620 - INFO - Scanning for NFC targets...
2025-05-15 11:22:52,620 - INFO - Found simulated target
2025-05-15 11:32:26,454 - INFO - Running in simulation mode - using simulated NFC reader
2025-05-15 11:32:26,455 - INFO - Connected to Simulated NFC Reader
2025-05-15 11:32:26,456 - INFO - Scanning for NFC targets...
2025-05-15 11:32:27,457 - INFO - Found simulated target
2025-05-15 14:20:05,536 - INFO - Running in simulation mode - using simulated NFC reader
2025-05-15 14:20:05,537 - INFO - Connected to Simulated NFC Reader
2025-05-15 14:20:05,539 - INFO - Scanning for NFC targets...
2025-05-15 14:20:06,540 - INFO - Found simulated target
2025-05-26 12:13:29,169 - INFO - Connecting to NFC reader...
2025-05-26 12:13:29,170 - INFO - searching for reader on path usb
2025-05-26 12:13:29,383 - ERROR - no reader available on path usb
2025-05-26 12:13:29,384 - ERROR - Failed to connect to NFC reader: [Errno 19] No such device
2025-05-26 12:16:35,689 - INFO - Running in simulation mode - using simulated NFC reader
2025-05-26 12:16:35,690 - INFO - Connected to Simulated NFC Reader
2025-05-26 12:16:35,691 - INFO - Scanning for NFC targets...
2025-05-26 12:16:36,692 - INFO - Found simulated target
2025-05-26 12:16:57,177 - INFO - Running in simulation mode - using simulated NFC reader
2025-05-26 12:16:57,178 - INFO - Connected to Simulated NFC Reader
2025-05-26 12:16:57,180 - INFO - Scanning for NFC targets...
2025-05-26 12:16:58,181 - INFO - Found simulated target
2025-06-06 23:03:44,743 - INFO - Connecting to NFC reader...
2025-06-06 23:03:44,744 - INFO - searching for reader on path usb
2025-06-06 23:03:44,901 - ERROR - no reader available on path usb
2025-06-06 23:03:44,901 - ERROR - Failed to connect to NFC reader: [Errno 19] No such device
2025-06-06 23:06:11,365 - INFO - Running in simulation mode - using simulated NFC reader
2025-06-06 23:06:11,366 - INFO - Connected to Simulated NFC Reader
2025-06-06 23:06:11,367 - INFO - Scanning for NFC targets...
2025-06-06 23:06:12,368 - INFO - Found simulated target
